#
# There is insufficient memory for the Java Runtime Environment to continue.
# Native memory allocation (malloc) failed to allocate 1299376 bytes for Chunk::new
# Possible reasons:
#   The system is out of physical RAM or swap space
#   In 32 bit mode, the process size limit was hit
# Possible solutions:
#   Reduce memory load on the system
#   Increase physical memory or swap space
#   Check if swap backing store is full
#   Use 64 bit Java on a 64 bit OS
#   Decrease Java heap size (-Xmx/-Xms)
#   Decrease number of Java threads
#   Decrease Java thread stack sizes (-Xss)
#   Set larger code cache with -XX:ReservedCodeCacheSize=
# This output file may be truncated or incomplete.
#
#  Out of Memory Error (allocation.cpp:390), pid=7756, tid=0x0000000000002874
#
# JRE version: OpenJDK Runtime Environment (8.0_152-b06) (build 1.8.0_152-release-1136-b06)
# Java VM: OpenJDK 64-Bit Server VM (25.152-b06 mixed mode windows-amd64 compressed oops)
# Failed to write core dump. Minidumps are not enabled by default on client versions of Windows
#

---------------  T H R E A D  ---------------

Current thread (0x0000000016676000):  JavaThread "C2 CompilerThread1" daemon [_thread_in_native, id=10356, stack(0x0000000017de0000,0x0000000017ee0000)]

Stack: [0x0000000017de0000,0x0000000017ee0000]
[error occurred during error reporting (printing stack bounds), id 0xc0000005]

Native frames: (J=compiled Java code, j=interpreted, Vv=VM code, C=native code)


Current CompileTask:
C2:7294089 22906       4       com.android.ide.common.resources.ValueResourceParser2::getResource (71 bytes)


---------------  P R O C E S S  ---------------

Java Threads: ( => current thread )
  0x000000001d28f000 JavaThread "stdout" [_thread_in_native, id=8880, stack(0x0000000037110000,0x0000000037210000)]
  0x000000001d28a800 JavaThread "stderr" [_thread_in_native, id=2080, stack(0x0000000037010000,0x0000000037110000)]
  0x000000001d28d800 JavaThread "pool-48-thread-1" [_thread_blocked, id=7644, stack(0x0000000036f10000,0x0000000037010000)]
  0x000000001d287000 JavaThread "ForkJoinPool.commonPool-worker-2" daemon [_thread_blocked, id=7080, stack(0x0000000036e10000,0x0000000036f10000)]
  0x000000001d28e000 JavaThread "Task worker for ':' Thread 3" [_thread_in_native, id=6484, stack(0x0000000036d10000,0x0000000036e10000)]
  0x000000001ea3f000 JavaThread "Task worker for ':' Thread 2" [_thread_blocked, id=3348, stack(0x0000000036c10000,0x0000000036d10000)]
  0x000000001ea40800 JavaThread "Task worker for ':'" [_thread_blocked, id=10488, stack(0x0000000036b10000,0x0000000036c10000)]
  0x000000001ea44800 JavaThread "Cache worker for Build Output Cleanup Cache (C:\Users\Anthony\AndroidStudioProjects\activity3TICTACTOE\.gradle\buildOutputCleanup)" [_thread_blocked, id=6888, stack(0x0000000036a10000,0x0000000036b10000)]
  0x000000001ea46000 JavaThread "Cache worker for task history cache (C:\Users\Anthony\AndroidStudioProjects\activity3TICTACTOE\.gradle\4.6\taskHistory)" [_thread_blocked, id=7564, stack(0x0000000036910000,0x0000000036a10000)]
  0x000000001ea43000 JavaThread "Cache worker for file content cache (C:\Users\Anthony\AndroidStudioProjects\activity3TICTACTOE\.gradle\4.6\fileContent)" [_thread_blocked, id=4572, stack(0x0000000036810000,0x0000000036910000)]
  0x000000001ea42000 JavaThread "Build operations Thread 4" [_thread_blocked, id=4900, stack(0x0000000036710000,0x0000000036810000)]
  0x000000001ea45000 JavaThread "Build operations Thread 3" [_thread_blocked, id=3816, stack(0x0000000036610000,0x0000000036710000)]
  0x000000001ea43800 JavaThread "Build operations Thread 2" [_thread_blocked, id=3944, stack(0x0000000036510000,0x0000000036610000)]
  0x000000001ea3c000 JavaThread "Build operations" [_thread_blocked, id=2064, stack(0x0000000036410000,0x0000000036510000)]
  0x000000001ea40000 JavaThread "Cache worker for Artifact transforms cache (C:\Users\Anthony\.gradle\caches\transforms-1)" [_thread_blocked, id=8648, stack(0x0000000036310000,0x0000000036410000)]
  0x000000001ea3d000 JavaThread "Cache worker for file hash cache (C:\Users\Anthony\AndroidStudioProjects\activity3TICTACTOE\.gradle\4.6\fileHashes)" [_thread_blocked, id=2736, stack(0x0000000036210000,0x0000000036310000)]
  0x000000001ea3a800 JavaThread "Stdin handler" [_thread_blocked, id=7996, stack(0x0000000036110000,0x0000000036210000)]
  0x000000001ea41800 JavaThread "Asynchronous log dispatcher for DefaultDaemonConnection: socket connection from /127.0.0.1:52914 to /127.0.0.1:53941" [_thread_blocked, id=8316, stack(0x0000000036010000,0x0000000036110000)]
  0x000000001ea3e800 JavaThread "Daemon worker Thread 8" [_thread_blocked, id=3876, stack(0x0000000035f10000,0x0000000036010000)]
  0x000000001ea3a000 JavaThread "Cancel handler" [_thread_blocked, id=5908, stack(0x0000000035e10000,0x0000000035f10000)]
  0x000000001ea38800 JavaThread "Handler for socket connection from /127.0.0.1:52914 to /127.0.0.1:53941" [_thread_in_native, id=2104, stack(0x0000000035d10000,0x0000000035e10000)]
  0x000000001ea3b800 JavaThread "Daemon Thread 8" [_thread_blocked, id=684, stack(0x0000000035c10000,0x0000000035d10000)]
  0x000000001d28b000 JavaThread "pool-1-thread-1" [_thread_blocked, id=6580, stack(0x0000000022700000,0x0000000022800000)]
  0x000000001d8f9000 JavaThread "Memory manager" [_thread_blocked, id=6288, stack(0x00000000210c0000,0x00000000211c0000)]
  0x00000000196ae000 JavaThread "File lock request listener" [_thread_in_native, id=6724, stack(0x000000001b130000,0x000000001b230000)]
  0x00000000196fd800 JavaThread "Cache worker for file hash cache (C:\Users\Anthony\.gradle\caches\4.6\fileHashes)" [_thread_blocked, id=9980, stack(0x000000001b030000,0x000000001b130000)]
  0x0000000019563000 JavaThread "Daemon periodic checks" [_thread_blocked, id=6304, stack(0x000000001a530000,0x000000001a630000)]
  0x000000001955a800 JavaThread "Incoming local TCP Connector on port 52914" [_thread_in_native, id=9492, stack(0x000000001a2f0000,0x000000001a3f0000)]
  0x0000000017ffa000 JavaThread "Service Thread" daemon [_thread_blocked, id=7676, stack(0x00000000183e0000,0x00000000184e0000)]
  0x000000001667c800 JavaThread "C1 CompilerThread2" daemon [_thread_blocked, id=10684, stack(0x0000000017ee0000,0x0000000017fe0000)]
=>0x0000000016676000 JavaThread "C2 CompilerThread1" daemon [_thread_in_native, id=10356, stack(0x0000000017de0000,0x0000000017ee0000)]
  0x0000000016670000 JavaThread "C2 CompilerThread0" daemon [_thread_blocked, id=1452, stack(0x0000000017ce0000,0x0000000017de0000)]
  0x000000001666e800 JavaThread "Attach Listener" daemon [_thread_blocked, id=9336, stack(0x0000000017be0000,0x0000000017ce0000)]
  0x000000001666d800 JavaThread "Signal Dispatcher" daemon [_thread_blocked, id=10528, stack(0x0000000017ae0000,0x0000000017be0000)]
  0x0000000002cfe800 JavaThread "Finalizer" daemon [_thread_blocked, id=2084, stack(0x00000000178f0000,0x00000000179f0000)]
  0x0000000002cf3000 JavaThread "Reference Handler" daemon [_thread_blocked, id=10772, stack(0x00000000177f0000,0x00000000178f0000)]
  0x0000000002c02800 JavaThread "main" [_thread_blocked, id=11040, stack(0x0000000002a00000,0x0000000002b00000)]

Other Threads:
  0x0000000016636000 VMThread [stack: 0x00000000176f0000,0x00000000177f0000] [id=9004]
  0x0000000018003000 WatcherThread [stack: 0x00000000184e0000,0x00000000185e0000] [id=1312]

VM state:not at safepoint (normal execution)

VM Mutex/Monitor currently owned by a thread: None

Heap:
 PSYoungGen      total 373248K, used 107202K [0x00000000e0000000, 0x00000000fb980000, 0x0000000100000000)
  eden space 330240K, 32% used [0x00000000e0000000,0x00000000e68b0898,0x00000000f4280000)
  from space 43008K, 0% used [0x00000000f4280000,0x00000000f4280000,0x00000000f6c80000)
  to   space 42496K, 0% used [0x00000000f9000000,0x00000000f9000000,0x00000000fb980000)
 ParOldGen       total 206848K, used 49716K [0x00000000a0000000, 0x00000000aca00000, 0x00000000e0000000)
  object space 206848K, 24% used [0x00000000a0000000,0x00000000a308d200,0x00000000aca00000)
 Metaspace       used 91269K, capacity 95422K, committed 98380K, reserved 1134592K
  class space    used 11390K, capacity 12210K, committed 12928K, reserved 1048576K

Card table byte_map: [0x00000000120c0000,0x00000000123d0000] byte_map_base: 0x0000000011bc0000

Marking Bits: (ParMarkBitMap*) 0x00000000512a5aa0
 Begin Bits: [0x00000000129d0000, 0x00000000141d0000)
 End Bits:   [0x00000000141d0000, 0x00000000159d0000)

Polling page: 0x0000000000d20000

CodeCache: size=245760Kb used=60182Kb max_used=60208Kb free=185577Kb
 bounds [0x0000000002d00000, 0x0000000006860000, 0x0000000011d00000]
 total_blobs=18733 nmethods=17848 adapters=795
 compilation: enabled

Compilation events (10 events):
Event: 7292.730 Thread 0x000000001667c800 nmethod 22932 0x0000000003b79610 code [0x0000000003b797a0, 0x0000000003b79b78]
Event: 7292.730 Thread 0x000000001667c800 22933       3       org.gradle.api.internal.artifacts.ivyservice.resolveengine.artifact.ParallelResolveArtifactSet$VisitingSet$StartVisitAction::<init> (15 bytes)
Event: 7292.730 Thread 0x000000001667c800 nmethod 22933 0x0000000004c9b650 code [0x0000000004c9b7a0, 0x0000000004c9b970]
Event: 7292.730 Thread 0x000000001667c800 22934       3       org.gradle.api.internal.artifacts.ivyservice.resolveengine.artifact.ParallelResolveArtifactSet$VisitingSet$StartVisitAction::execute (9 bytes)
Event: 7292.731 Thread 0x000000001667c800 nmethod 22934 0x0000000004d10a50 code [0x0000000004d10be0, 0x0000000004d110e8]
Event: 7292.731 Thread 0x000000001667c800 22935       3       org.gradle.api.internal.artifacts.ivyservice.resolveengine.artifact.ParallelResolveArtifactSet$VisitingSet$StartVisitAction::execute (29 bytes)
Event: 7292.731 Thread 0x000000001667c800 nmethod 22935 0x00000000053ff4d0 code [0x00000000053ff660, 0x00000000053ff9e8]
Event: 7292.770 Thread 0x000000001667c800 22937       3       com.google.gson.internal.$Gson$Types$WildcardTypeImpl::getLowerBounds (25 bytes)
Event: 7292.770 Thread 0x000000001667c800 nmethod 22937 0x000000000527ea50 code [0x000000000527ebc0, 0x000000000527ef30]
Event: 7292.786 Thread 0x0000000016670000 nmethod 22925 0x0000000006846f90 code [0x0000000006847420, 0x000000000684ac78]

GC Heap History (10 events):
Event: 5885.808 GC heap before
{Heap before GC invocations=31 (full 3):
 PSYoungGen      total 293376K, used 260730K [0x00000000e0000000, 0x00000000f7880000, 0x0000000100000000)
  eden space 247808K, 99% used [0x00000000e0000000,0x00000000ef1f84e8,0x00000000ef200000)
  from space 45568K, 28% used [0x00000000ef200000,0x00000000efea6390,0x00000000f1e80000)
  to   space 44544K, 0% used [0x00000000f4d00000,0x00000000f4d00000,0x00000000f7880000)
 ParOldGen       total 147968K, used 59678K [0x00000000a0000000, 0x00000000a9080000, 0x00000000e0000000)
  object space 147968K, 40% used [0x00000000a0000000,0x00000000a3a47a18,0x00000000a9080000)
 Metaspace       used 91247K, capacity 95982K, committed 96128K, reserved 1132544K
  class space    used 11653K, capacity 12626K, committed 12672K, reserved 1048576K
Event: 5885.840 GC heap after
Heap after GC invocations=31 (full 3):
 PSYoungGen      total 329728K, used 11631K [0x00000000e0000000, 0x00000000f7280000, 0x0000000100000000)
  eden space 291328K, 0% used [0x00000000e0000000,0x00000000e0000000,0x00000000f1c80000)
  from space 38400K, 30% used [0x00000000f4d00000,0x00000000f585be10,0x00000000f7280000)
  to   space 44032K, 0% used [0x00000000f1c80000,0x00000000f1c80000,0x00000000f4780000)
 ParOldGen       total 147968K, used 64308K [0x00000000a0000000, 0x00000000a9080000, 0x00000000e0000000)
  object space 147968K, 43% used [0x00000000a0000000,0x00000000a3ecd288,0x00000000a9080000)
 Metaspace       used 91247K, capacity 95982K, committed 96128K, reserved 1132544K
  class space    used 11653K, capacity 12626K, committed 12672K, reserved 1048576K
}
Event: 6157.989 GC heap before
{Heap before GC invocations=32 (full 3):
 PSYoungGen      total 329728K, used 302959K [0x00000000e0000000, 0x00000000f7280000, 0x0000000100000000)
  eden space 291328K, 100% used [0x00000000e0000000,0x00000000f1c80000,0x00000000f1c80000)
  from space 38400K, 30% used [0x00000000f4d00000,0x00000000f585be10,0x00000000f7280000)
  to   space 44032K, 0% used [0x00000000f1c80000,0x00000000f1c80000,0x00000000f4780000)
 ParOldGen       total 147968K, used 64308K [0x00000000a0000000, 0x00000000a9080000, 0x00000000e0000000)
  object space 147968K, 43% used [0x00000000a0000000,0x00000000a3ecd288,0x00000000a9080000)
 Metaspace       used 92260K, capacity 97208K, committed 97536K, reserved 1134592K
  class space    used 11739K, capacity 12725K, committed 12800K, reserved 1048576K
Event: 6158.018 GC heap after
Heap after GC invocations=32 (full 3):
 PSYoungGen      total 335360K, used 10345K [0x00000000e0000000, 0x00000000f9d80000, 0x0000000100000000)
  eden space 291328K, 0% used [0x00000000e0000000,0x00000000e0000000,0x00000000f1c80000)
  from space 44032K, 23% used [0x00000000f1c80000,0x00000000f269a480,0x00000000f4780000)
  to   space 43520K, 0% used [0x00000000f7300000,0x00000000f7300000,0x00000000f9d80000)
 ParOldGen       total 147968K, used 66704K [0x00000000a0000000, 0x00000000a9080000, 0x00000000e0000000)
  object space 147968K, 45% used [0x00000000a0000000,0x00000000a41242c8,0x00000000a9080000)
 Metaspace       used 92260K, capacity 97208K, committed 97536K, reserved 1134592K
  class space    used 11739K, capacity 12725K, committed 12800K, reserved 1048576K
}
Event: 6529.461 GC heap before
{Heap before GC invocations=33 (full 3):
 PSYoungGen      total 335360K, used 301673K [0x00000000e0000000, 0x00000000f9d80000, 0x0000000100000000)
  eden space 291328K, 100% used [0x00000000e0000000,0x00000000f1c80000,0x00000000f1c80000)
  from space 44032K, 23% used [0x00000000f1c80000,0x00000000f269a480,0x00000000f4780000)
  to   space 43520K, 0% used [0x00000000f7300000,0x00000000f7300000,0x00000000f9d80000)
 ParOldGen       total 147968K, used 66704K [0x00000000a0000000, 0x00000000a9080000, 0x00000000e0000000)
  object space 147968K, 45% used [0x00000000a0000000,0x00000000a41242c8,0x00000000a9080000)
 Metaspace       used 92735K, capacity 98000K, committed 98176K, reserved 1134592K
  class space    used 11791K, capacity 12815K, committed 12928K, reserved 1048576K
Event: 6529.485 GC heap after
Heap after GC invocations=33 (full 3):
 PSYoungGen      total 366592K, used 7975K [0x00000000e0000000, 0x00000000f9680000, 0x0000000100000000)
  eden space 330240K, 0% used [0x00000000e0000000,0x00000000e0000000,0x00000000f4280000)
  from space 36352K, 21% used [0x00000000f7300000,0x00000000f7ac9cb0,0x00000000f9680000)
  to   space 43008K, 0% used [0x00000000f4280000,0x00000000f4280000,0x00000000f6c80000)
 ParOldGen       total 147968K, used 68074K [0x00000000a0000000, 0x00000000a9080000, 0x00000000e0000000)
  object space 147968K, 46% used [0x00000000a0000000,0x00000000a427a838,0x00000000a9080000)
 Metaspace       used 92735K, capacity 98000K, committed 98176K, reserved 1134592K
  class space    used 11791K, capacity 12815K, committed 12928K, reserved 1048576K
}
Event: 7065.191 GC heap before
{Heap before GC invocations=34 (full 3):
 PSYoungGen      total 366592K, used 234273K [0x00000000e0000000, 0x00000000f9680000, 0x0000000100000000)
  eden space 330240K, 68% used [0x00000000e0000000,0x00000000edcfea58,0x00000000f4280000)
  from space 36352K, 21% used [0x00000000f7300000,0x00000000f7ac9cb0,0x00000000f9680000)
  to   space 43008K, 0% used [0x00000000f4280000,0x00000000f4280000,0x00000000f6c80000)
 ParOldGen       total 147968K, used 68074K [0x00000000a0000000, 0x00000000a9080000, 0x00000000e0000000)
  object space 147968K, 46% used [0x00000000a0000000,0x00000000a427a838,0x00000000a9080000)
 Metaspace       used 93002K, capacity 98282K, committed 98380K, reserved 1134592K
  class space    used 11799K, capacity 12830K, committed 12928K, reserved 1048576K
Event: 7065.223 GC heap after
Heap after GC invocations=34 (full 3):
 PSYoungGen      total 373248K, used 9014K [0x00000000e0000000, 0x00000000fb980000, 0x0000000100000000)
  eden space 330240K, 0% used [0x00000000e0000000,0x00000000e0000000,0x00000000f4280000)
  from space 43008K, 20% used [0x00000000f4280000,0x00000000f4b4db90,0x00000000f6c80000)
  to   space 42496K, 0% used [0x00000000f9000000,0x00000000f9000000,0x00000000fb980000)
 ParOldGen       total 147968K, used 68082K [0x00000000a0000000, 0x00000000a9080000, 0x00000000e0000000)
  object space 147968K, 46% used [0x00000000a0000000,0x00000000a427c838,0x00000000a9080000)
 Metaspace       used 93002K, capacity 98282K, committed 98380K, reserved 1134592K
  class space    used 11799K, capacity 12830K, committed 12928K, reserved 1048576K
}
Event: 7065.223 GC heap before
{Heap before GC invocations=35 (full 4):
 PSYoungGen      total 373248K, used 9014K [0x00000000e0000000, 0x00000000fb980000, 0x0000000100000000)
  eden space 330240K, 0% used [0x00000000e0000000,0x00000000e0000000,0x00000000f4280000)
  from space 43008K, 20% used [0x00000000f4280000,0x00000000f4b4db90,0x00000000f6c80000)
  to   space 42496K, 0% used [0x00000000f9000000,0x00000000f9000000,0x00000000fb980000)
 ParOldGen       total 147968K, used 68082K [0x00000000a0000000, 0x00000000a9080000, 0x00000000e0000000)
  object space 147968K, 46% used [0x00000000a0000000,0x00000000a427c838,0x00000000a9080000)
 Metaspace       used 93002K, capacity 98282K, committed 98380K, reserved 1134592K
  class space    used 11799K, capacity 12830K, committed 12928K, reserved 1048576K
Event: 7066.393 GC heap after
Heap after GC invocations=35 (full 4):
 PSYoungGen      total 373248K, used 0K [0x00000000e0000000, 0x00000000fb980000, 0x0000000100000000)
  eden space 330240K, 0% used [0x00000000e0000000,0x00000000e0000000,0x00000000f4280000)
  from space 43008K, 0% used [0x00000000f4280000,0x00000000f4280000,0x00000000f6c80000)
  to   space 42496K, 0% used [0x00000000f9000000,0x00000000f9000000,0x00000000fb980000)
 ParOldGen       total 206848K, used 49716K [0x00000000a0000000, 0x00000000aca00000, 0x00000000e0000000)
  object space 206848K, 24% used [0x00000000a0000000,0x00000000a308d200,0x00000000aca00000)
 Metaspace       used 91140K, capacity 95232K, committed 98380K, reserved 1134592K
  class space    used 11379K, capacity 12189K, committed 12928K, reserved 1048576K
}

Deoptimization events (10 events):
Event: 6159.207 Thread 0x000000001ea44800 Uncommon trap: reason=bimorphic action=maybe_recompile pc=0x0000000005841864 method=java.util.stream.AbstractPipeline.copyIntoWithCancel(Ljava/util/stream/Sink;Ljava/util/Spliterator;)V @ 24
Event: 7049.569 Thread 0x000000001edb1000 Uncommon trap: reason=array_check action=maybe_recompile pc=0x0000000005fae06c method=com.google.common.collect.ImmutableSet.construct(I[Ljava/lang/Object;)Lcom/google/common/collect/ImmutableSet; @ 122
Event: 7049.570 Thread 0x000000001edb1000 Uncommon trap: reason=array_check action=maybe_recompile pc=0x0000000005fae06c method=com.google.common.collect.ImmutableSet.construct(I[Ljava/lang/Object;)Lcom/google/common/collect/ImmutableSet; @ 122
Event: 7049.570 Thread 0x000000001edb1000 Uncommon trap: reason=array_check action=maybe_recompile pc=0x0000000005fae06c method=com.google.common.collect.ImmutableSet.construct(I[Ljava/lang/Object;)Lcom/google/common/collect/ImmutableSet; @ 122
Event: 7049.570 Thread 0x000000001edb1000 Uncommon trap: reason=array_check action=maybe_recompile pc=0x0000000005fae06c method=com.google.common.collect.ImmutableSet.construct(I[Ljava/lang/Object;)Lcom/google/common/collect/ImmutableSet; @ 122
Event: 7062.764 Thread 0x000000001ea3a000 Uncommon trap: reason=class_check action=maybe_recompile pc=0x000000000558f13c method=com.sun.tools.javac.jvm.ClassWriter.writeJavaAnnotations(Lcom/sun/tools/javac/util/List;)I @ 1
Event: 7066.819 Thread 0x000000001edb1000 Uncommon trap: reason=unstable_if action=reinterpret pc=0x0000000006063520 method=java.io.ObjectStreamClass.processQueue(Ljava/lang/ref/ReferenceQueue;Ljava/util/concurrent/ConcurrentMap;)V @ 6
Event: 7291.833 Thread 0x000000001ea3e800 Uncommon trap: reason=class_check action=maybe_recompile pc=0x00000000066cf1f0 method=com.sun.org.apache.xerces.internal.dom.ParentNode.getChildNodes()Lorg/w3c/dom/NodeList; @ 8
Event: 7291.833 Thread 0x000000001ea3e800 Uncommon trap: reason=class_check action=maybe_recompile pc=0x00000000066cf1f0 method=com.sun.org.apache.xerces.internal.dom.ParentNode.getChildNodes()Lorg/w3c/dom/NodeList; @ 8
Event: 7291.833 Thread 0x000000001ea3e800 Uncommon trap: reason=class_check action=maybe_recompile pc=0x00000000066cf1f0 method=com.sun.org.apache.xerces.internal.dom.ParentNode.getChildNodes()Lorg/w3c/dom/NodeList; @ 8

Classes redefined (0 events):
No events

Internal exceptions (10 events):
Event: 6399.318 Thread 0x000000001d287000 Exception <a 'sun/nio/fs/WindowsException'> (0x00000000ea0c6678) thrown at [D:\src\AOSP-openjdk-cygwin\jdk8u\hotspot\src\share\vm\prims\jni.cpp, line 709]
Event: 6521.139 Thread 0x000000001ea3b800 Exception <a 'sun/nio/fs/WindowsException'> (0x00000000ed573178) thrown at [D:\src\AOSP-openjdk-cygwin\jdk8u\hotspot\src\share\vm\prims\jni.cpp, line 709]
Event: 6529.717 Thread 0x000000001ea46000 Exception <a 'sun/nio/fs/WindowsException'> (0x00000000e0d0eac0) thrown at [D:\src\AOSP-openjdk-cygwin\jdk8u\hotspot\src\share\vm\prims\jni.cpp, line 709]
Event: 7049.732 Thread 0x000000001edb1000 Exception <a 'sun/nio/fs/WindowsException'> (0x00000000e4637420) thrown at [D:\src\AOSP-openjdk-cygwin\jdk8u\hotspot\src\share\vm\prims\jni.cpp, line 709]
Event: 7063.196 Thread 0x000000001ea3a800 Exception <a 'sun/nio/fs/WindowsException'> (0x00000000ea53ea10) thrown at [D:\src\AOSP-openjdk-cygwin\jdk8u\hotspot\src\share\vm\prims\jni.cpp, line 709]
Event: 7063.945 Thread 0x000000001ea40000 Exception <a 'sun/nio/fs/WindowsException'> (0x00000000eb915e58) thrown at [D:\src\AOSP-openjdk-cygwin\jdk8u\hotspot\src\share\vm\prims\jni.cpp, line 709]
Event: 7064.207 Thread 0x000000001ea40000 Exception <a 'sun/nio/fs/WindowsException'> (0x00000000ec8c31a8) thrown at [D:\src\AOSP-openjdk-cygwin\jdk8u\hotspot\src\share\vm\prims\jni.cpp, line 709]
Event: 7064.592 Thread 0x000000001ea42000 Exception <a 'sun/nio/fs/WindowsException'> (0x00000000ecc88068) thrown at [D:\src\AOSP-openjdk-cygwin\jdk8u\hotspot\src\share\vm\prims\jni.cpp, line 709]
Event: 7064.646 Thread 0x000000001ea43800 Exception <a 'sun/nio/fs/WindowsException'> (0x00000000ed0ea2f0) thrown at [D:\src\AOSP-openjdk-cygwin\jdk8u\hotspot\src\share\vm\prims\jni.cpp, line 709]
Event: 7291.658 Thread 0x000000001ea3e800 Exception <a 'sun/nio/fs/WindowsException'> (0x00000000e2ccf828) thrown at [D:\src\AOSP-openjdk-cygwin\jdk8u\hotspot\src\share\vm\prims\jni.cpp, line 709]

Events (10 events):
Event: 7292.712 Executing VM operation: RevokeBias
Event: 7292.712 Executing VM operation: RevokeBias done
Event: 7292.767 Executing VM operation: RevokeBias
Event: 7292.767 Executing VM operation: RevokeBias done
Event: 7292.767 Executing VM operation: RevokeBias
Event: 7292.768 Executing VM operation: RevokeBias done
Event: 7292.768 Executing VM operation: RevokeBias
Event: 7292.768 Executing VM operation: RevokeBias done
Event: 7292.768 Executing VM operation: RevokeBias
Event: 7292.768 Executing VM operation: RevokeBias done


Dynamic libraries:
0x00007ff735a50000 - 0x00007ff735a81000 	C:\Program Files\Android\Android Studio\jre\bin\java.exe
0x00007ffd308d0000 - 0x00007ffd30ab1000 	C:\WINDOWS\SYSTEM32\ntdll.dll
0x00007ffd2dec0000 - 0x00007ffd2df72000 	C:\WINDOWS\System32\KERNEL32.DLL
0x00007ffd2d900000 - 0x00007ffd2db73000 	C:\WINDOWS\System32\KERNELBASE.dll
0x00007ffd304c0000 - 0x00007ffd30561000 	C:\WINDOWS\System32\ADVAPI32.dll
0x00007ffd305d0000 - 0x00007ffd3066e000 	C:\WINDOWS\System32\msvcrt.dll
0x00007ffd2ff70000 - 0x00007ffd2ffcb000 	C:\WINDOWS\System32\sechost.dll
0x00007ffd2fd60000 - 0x00007ffd2fe84000 	C:\WINDOWS\System32\RPCRT4.dll
0x00007ffd30710000 - 0x00007ffd308a0000 	C:\WINDOWS\System32\USER32.dll
0x00007ffd2cf30000 - 0x00007ffd2cf50000 	C:\WINDOWS\System32\win32u.dll
0x00007ffd30380000 - 0x00007ffd303a8000 	C:\WINDOWS\System32\GDI32.dll
0x00007ffd2d760000 - 0x00007ffd2d8f2000 	C:\WINDOWS\System32\gdi32full.dll
0x00007ffd2cca0000 - 0x00007ffd2cd3f000 	C:\WINDOWS\System32\msvcp_win.dll
0x00007ffd2cf50000 - 0x00007ffd2d04a000 	C:\WINDOWS\System32\ucrtbase.dll
0x00007ffd1fec0000 - 0x00007ffd20129000 	C:\WINDOWS\WinSxS\amd64_microsoft.windows.common-controls_6595b64144ccf1df_6.0.17134.472_none_fb3f9af53068156d\COMCTL32.dll
0x00007ffd30040000 - 0x00007ffd30362000 	C:\WINDOWS\System32\combase.dll
0x00007ffd2dce0000 - 0x00007ffd2dd5a000 	C:\WINDOWS\System32\bcryptPrimitives.dll
0x00007ffd2e710000 - 0x00007ffd2e73d000 	C:\WINDOWS\System32\IMM32.DLL
0x00000000751f0000 - 0x00000000752c2000 	C:\Program Files\Android\Android Studio\jre\jre\bin\msvcr100.dll
0x0000000050ae0000 - 0x0000000051321000 	C:\Program Files\Android\Android Studio\jre\jre\bin\server\jvm.dll
0x00007ffd30370000 - 0x00007ffd30378000 	C:\WINDOWS\System32\PSAPI.DLL
0x00007ffd28280000 - 0x00007ffd282a3000 	C:\WINDOWS\SYSTEM32\WINMM.dll
0x00007ffd2b7f0000 - 0x00007ffd2b7f9000 	C:\WINDOWS\SYSTEM32\WSOCK32.dll
0x00007ffd2ffd0000 - 0x00007ffd3003c000 	C:\WINDOWS\System32\WS2_32.dll
0x00007ffd28250000 - 0x00007ffd2827a000 	C:\WINDOWS\SYSTEM32\WINMMBASE.dll
0x00007ffd2dc90000 - 0x00007ffd2dcd9000 	C:\WINDOWS\System32\cfgmgr32.dll
0x00007ffd207d0000 - 0x00007ffd207da000 	C:\WINDOWS\SYSTEM32\VERSION.dll
0x00007ffd1cd50000 - 0x00007ffd1cd5f000 	C:\Program Files\Android\Android Studio\jre\jre\bin\verify.dll
0x00007ffd1ca40000 - 0x00007ffd1ca69000 	C:\Program Files\Android\Android Studio\jre\jre\bin\java.dll
0x00007ffd0f290000 - 0x00007ffd0f2a6000 	C:\Program Files\Android\Android Studio\jre\jre\bin\zip.dll
0x00007ffd2e8c0000 - 0x00007ffd2fd00000 	C:\WINDOWS\System32\SHELL32.dll
0x00007ffd2df80000 - 0x00007ffd2e029000 	C:\WINDOWS\System32\shcore.dll
0x00007ffd2d050000 - 0x00007ffd2d75d000 	C:\WINDOWS\System32\windows.storage.dll
0x00007ffd30570000 - 0x00007ffd305c1000 	C:\WINDOWS\System32\shlwapi.dll
0x00007ffd2cc30000 - 0x00007ffd2cc41000 	C:\WINDOWS\System32\kernel.appcore.dll
0x00007ffd2cc80000 - 0x00007ffd2cc9f000 	C:\WINDOWS\System32\profapi.dll
0x00007ffd2cbe0000 - 0x00007ffd2cc2c000 	C:\WINDOWS\System32\powrprof.dll
0x00007ffd2cc50000 - 0x00007ffd2cc5a000 	C:\WINDOWS\System32\FLTLIB.DLL
0x00007ffd0f240000 - 0x00007ffd0f25a000 	C:\Program Files\Android\Android Studio\jre\jre\bin\net.dll
0x00007ffd2c460000 - 0x00007ffd2c4c6000 	C:\WINDOWS\system32\mswsock.dll
0x00007ffd0f1e0000 - 0x00007ffd0f1f1000 	C:\Program Files\Android\Android Studio\jre\jre\bin\nio.dll
0x00007ffd209a0000 - 0x00007ffd209be000 	C:\Users\Anthony\.gradle\native\25\windows-amd64\native-platform.dll
0x00007ffd1c120000 - 0x00007ffd1c12d000 	C:\Program Files\Android\Android Studio\jre\jre\bin\management.dll
0x00007ffd2c610000 - 0x00007ffd2c627000 	C:\WINDOWS\SYSTEM32\CRYPTSP.dll
0x00007ffd2c040000 - 0x00007ffd2c073000 	C:\WINDOWS\system32\rsaenh.dll
0x00007ffd2c740000 - 0x00007ffd2c765000 	C:\WINDOWS\SYSTEM32\bcrypt.dll
0x00007ffd2cae0000 - 0x00007ffd2cb08000 	C:\WINDOWS\SYSTEM32\USERENV.dll
0x00007ffd2c630000 - 0x00007ffd2c63b000 	C:\WINDOWS\SYSTEM32\CRYPTBASE.dll
0x00007ffd2c1e0000 - 0x00007ffd2c218000 	C:\WINDOWS\SYSTEM32\IPHLPAPI.DLL
0x00007ffd2fe90000 - 0x00007ffd2fe98000 	C:\WINDOWS\System32\NSI.dll
0x00007ffd285c0000 - 0x00007ffd285d6000 	C:\WINDOWS\SYSTEM32\dhcpcsvc6.DLL
0x00007ffd285a0000 - 0x00007ffd285ba000 	C:\WINDOWS\SYSTEM32\dhcpcsvc.DLL
0x00007ffd2bcd0000 - 0x00007ffd2bd01000 	C:\WINDOWS\SYSTEM32\ntmarta.dll

VM Arguments:
jvm_args: -Xmx1536m -Dfile.encoding=windows-1252 -Duser.country=PH -Duser.language=en -Duser.variant 
java_command: org.gradle.launcher.daemon.bootstrap.GradleDaemon 4.6
java_class_path (initial): C:\Users\Anthony\.gradle\wrapper\dists\gradle-4.6-all\bcst21l2brirad8k2ben1letg\gradle-4.6\lib\gradle-launcher-4.6.jar
Launcher Type: SUN_STANDARD

Environment Variables:
JAVA_HOME=C:\Program Files\Java\jdk1.8.0_171
PATH=C:\Program Files (x86)\Common Files\Oracle\Java\javapath;C:\Program Files (x86)\Intel\iCLS Client\;C:\Program Files\Intel\iCLS Client\;C:\WINDOWS\system32;C:\WINDOWS;C:\WINDOWS\System32\Wbem;C:\WINDOWS\System32\WindowsPowerShell\v1.0\;C:\Program Files (x86)\Intel\Intel(R) Management Engine Components\DAL;C:\Program Files\Intel\Intel(R) Management Engine Components\DAL;C:\Program Files (x86)\Intel\Intel(R) Management Engine Components\IPT;C:\Program Files\Intel\Intel(R) Management Engine Components\IPT;C:\Program Files\Microsoft SQL Server\Client SDK\ODBC\130\Tools\Binn\;C:\Program Files (x86)\Microsoft SQL Server\140\Tools\Binn\;C:\Program Files\Microsoft SQL Server\140\Tools\Binn\;C:\Program Files\Microsoft SQL Server\140\DTS\Binn\;C:\Program Files\nodejs\;C:\Program Files\Genymobile\Genymotion\tools;C:\WINDOWS\System32\OpenSSH\;C:\Program Files\Git\cmd;C:\Program Files\Git\mingw64\bin;C:\Program Files\Git\usr\bin;C:\Users\Anthony\AppData\Local\Microsoft\WindowsApps;C:\Users\Anthony\AppData\Roaming\npm;C:\Users\Anthony\AppData\Local\Android\Sdk\platform-tools;
USERNAME=Anthony
OS=Windows_NT
PROCESSOR_IDENTIFIER=Intel64 Family 6 Model 78 Stepping 3, GenuineIntel



---------------  S Y S T E M  ---------------

OS: Windows 10.0 , 64 bit Build 17134 (10.0.17134.1)

CPU:total 4 (initial active 4) (2 cores per cpu, 2 threads per core) family 6 model 78 stepping 3, cmov, cx8, fxsr, mmx, sse, sse2, sse3, ssse3, sse4.1, sse4.2, popcnt, avx, avx2, aes, clmul, erms, 3dnowpref, lzcnt, ht, tsc, tscinvbit, bmi1, bmi2, adx

Memory: 4k page, physical 8277408k(888888k free), swap 9704864k(3336k free)

vm_info: OpenJDK 64-Bit Server VM (25.152-b06) for windows-amd64 JRE (1.8.0_152-release-1136-b06), built by "builder" with MS VC++ 10.0 (VS2010)

time: Sun Dec 23 01:29:42 2018
elapsed time: 7292 seconds (0d 2h 1m 32s)

